2025-04-27 21:23:17 [ERROR]: 连接测试失败:
2025-04-27 21:25:45 [ERROR]: 处理交易日志时出错: txInfo.address.toLowerCase is not a function
2025-04-27 21:25:45 [ERROR]: 错误堆栈: TypeError: txInfo.address.toLowerCase is not a function
    at file:///C:/Users/5520/Desktop/kol-monitor/index.js:474:77
    at process.processTicksAndRejections (node:internal/process/task_queues:105:5)
2025-04-27 21:31:01 [ERROR]: ❌ Telegram通知发送失败 (第 1 次): request to https://api.telegram.org/bot7928666221:[REDACTED]/sendMessage failed, reason: Client network socket disconnected before secure TLS connection was established
2025-04-27 21:34:07 [ERROR]: Bot状态检查失败: request to https://api.telegram.org/bot7928666221:[REDACTED]/getMe failed, reason: Client network socket disconnected before secure TLS connection was established
2025-04-27 21:44:44 [ERROR]: HTTPS连接失败 (第 1 次): HTTPS请求超时
2025-04-27 21:44:50 [ERROR]: HTTPS连接失败 (第 1 次): HTTPS请求超时
2025-04-27 21:44:50 [ERROR]: HTTPS请求错误: socket hang up
2025-04-27 21:45:00 [ERROR]: 端点 https://api.telegram.org 请求失败: fetch failed
2025-04-27 21:45:03 [ERROR]: 端点 https://api1.telegram.org 请求失败: Unexpected token '<', "<!DOCTYPE "... is not valid JSON
2025-04-27 21:45:06 [ERROR]: 端点 https://api2.telegram.org 请求失败: Unexpected token '<', "<!DOCTYPE "... is not valid JSON
2025-04-27 21:45:06 [ERROR]: Token状态检查失败 (第 1 次): 所有API端点均不可用
2025-04-27 21:45:26 [ERROR]: 端点 https://api.telegram.org 请求失败: fetch failed
2025-04-27 21:45:30 [ERROR]: 端点 https://api1.telegram.org 请求失败: Unexpected token '<', "<!DOCTYPE "... is not valid JSON
2025-04-27 21:45:32 [ERROR]: 端点 https://api2.telegram.org 请求失败: Unexpected token '<', "<!DOCTYPE "... is not valid JSON
2025-04-27 21:45:32 [ERROR]: Token状态检查失败 (第 2 次): 所有API端点均不可用
2025-04-27 21:50:57 [ERROR]: API端点测试失败: fetch failed
2025-04-27 21:51:03 [ERROR]: HTTPS连接失败 (第 1 次): HTTPS请求超时
2025-04-27 21:51:08 [ERROR]: HTTPS连接失败 (第 1 次): HTTPS请求超时
2025-04-27 21:51:08 [ERROR]: HTTPS请求错误: socket hang up
2025-04-27 21:51:21 [ERROR]: API端点测试失败: fetch failed
2025-04-27 21:51:26 [ERROR]: API端点测试失败: Unexpected token '<', "<!DOCTYPE "... is not valid JSON
2025-04-27 21:51:26 [ERROR]: ❌ Telegram通知发送失败 (第 1 次): 所有API端点均不可用
2025-04-27 21:53:03 [ERROR]: HTTPS连接失败 (第 1 次): HTTPS请求超时
2025-04-27 21:53:08 [ERROR]: HTTPS连接失败 (第 1 次): HTTPS请求超时
2025-04-27 21:53:08 [ERROR]: HTTPS请求错误: socket hang up
2025-04-27 21:57:31 [ERROR]: HTTPS连接失败 (第 1 次): HTTPS请求超时
2025-04-27 21:57:36 [ERROR]: HTTPS连接失败 (第 1 次): HTTPS请求超时
2025-04-27 21:57:36 [ERROR]: HTTPS请求错误: socket hang up
2025-04-27 21:57:43 [ERROR]: HTTPS连接失败 (第 2 次): HTTPS请求超时
2025-04-27 21:57:43 [ERROR]: HTTPS请求错误: socket hang up
2025-04-27 21:57:58 [ERROR]: API端点测试失败: fetch failed
2025-04-27 21:58:05 [ERROR]: API端点测试失败: Unexpected token '<', "<!DOCTYPE "... is not valid JSON
2025-04-27 21:58:12 [ERROR]: API端点测试失败: Unexpected token '<', "<!DOCTYPE "... is not valid JSON
2025-04-27 21:58:12 [ERROR]: ❌ Telegram通知发送失败 (第 1 次): 所有API端点均不可用
2025-04-27 22:03:22 [ERROR]: 解析交易失败: fetch failed
2025-04-27 22:03:22 [ERROR]: 错误堆栈: TypeError: fetch failed
    at node:internal/deps/undici/undici:13502:13
    at async ClientBrowser.callServer (C:\Users\5520\Desktop\kol-monitor\node_modules\@solana\web3.js\lib\index.cjs.js:5061:17)
2025-04-27 22:17:58 [ERROR]: 解析交易失败 (第 1 次尝试): At path: meta.innerInstructions.0.instructions.0.accounts -- Expected an array value, but received: undefined
2025-04-27 22:17:58 [ERROR]: 错误堆栈:
2025-04-27 22:18:00 [ERROR]: 解析交易失败 (第 2 次尝试): At path: meta.innerInstructions.0.instructions.0.accounts -- Expected an array value, but received: undefined
2025-04-27 22:18:00 [ERROR]: 错误堆栈:
2025-04-27 22:18:12 [ERROR]: 解析交易失败 (第 3 次尝试): fetch failed
2025-04-27 22:18:12 [ERROR]: 错误堆栈:
2025-04-27 22:20:49 [ERROR]: 解析交易失败 (第 1 次尝试): At path: meta.innerInstructions.0.instructions.0.accounts -- Expected an array value, but received: undefined
2025-04-27 22:20:49 [ERROR]: 错误堆栈:
2025-04-27 22:20:50 [ERROR]: 解析交易失败 (第 2 次尝试): At path: meta.innerInstructions.0.instructions.0.accounts -- Expected an array value, but received: undefined
2025-04-27 22:20:50 [ERROR]: 错误堆栈:
2025-04-27 22:20:59 [ERROR]: 解析交易失败 (第 1 次尝试): At path: transaction.message.accountKeys.0 -- Expected a string, but received: [object Object]
2025-04-27 22:20:59 [ERROR]: 错误堆栈:
2025-04-27 22:21:01 [ERROR]: 解析交易失败 (第 1 次尝试): At path: transaction.message.accountKeys.0 -- Expected a string, but received: [object Object]
2025-04-27 22:21:01 [ERROR]: 错误堆栈:
2025-04-27 22:21:01 [ERROR]: 解析交易失败 (第 2 次尝试): 403 Forbidden: {"error":"message: API key is not allowed to access blockchain, json-rpc code: -32052, rest code: 403"}
2025-04-27 22:21:01 [ERROR]: 错误堆栈:
2025-04-27 22:21:02 [ERROR]: 解析交易失败 (第 3 次尝试): fetch failed
2025-04-27 22:21:02 [ERROR]: 错误堆栈:
2025-04-27 22:21:03 [ERROR]: 解析交易失败 (第 2 次尝试): 401 Unauthorized: {"message":"Usage without a token is no longer available. For future use, register and receive a free API token https://app.extrnode.com"}

2025-04-27 22:21:03 [ERROR]: 错误堆栈:
2025-04-27 22:21:04 [ERROR]: 解析交易失败 (第 3 次尝试): At path: transaction.message.accountKeys.0 -- Expected a string, but received: [object Object]
2025-04-27 22:21:04 [ERROR]: 错误堆栈:
2025-04-27 22:21:11 [ERROR]: 解析交易失败 (第 3 次尝试): 429 Too Many Requests: <!DOCTYPE html>
<!--[if lt IE 7]> <html class="no-js ie6 oldie" lang="en-US"> <![endif]-->
<!--[if IE 7]>    <html class="no-js ie7 oldie" lang="en-US"> <![endif]-->
<!--[if IE 8]>    <html class="no-js ie8 oldie" lang="en-US"> <![endif]-->
<!--[if gt IE 8]><!--> <html class="no-js" lang="en-US"> <!--<![endif]-->
<head>
<title>Access denied | solana-mainnet.g.alchemy.com used Cloudflare to restrict access</title>
<meta charset="UTF-8" />
<meta http-equiv="Content-Type" content="text/html; charset=UTF-8" />
<meta http-equiv="X-UA-Compatible" content="IE=Edge" />
<meta name="robots" content="noindex, nofollow" />
<meta name="viewport" content="width=device-width,initial-scale=1" />
<link rel="stylesheet" id="cf_styles-css" href="/cdn-cgi/styles/main.css" />


<script>
(function(){if(document.addEventListener&&window.XMLHttpRequest&&JSON&&JSON.stringify){var e=function(a){var c=document.getElementById("error-feedback-survey"),d=document.getElementById("error-feedback-success"),b=new XMLHttpRequest;a={event:"feedback clicked",properties:{errorCode:1015,helpful:a,version:1}};b.open("POST","https://sparrow.cloudflare.com/api/v1/event");b.setRequestHeader("Content-Type","application/json");b.setRequestHeader("Sparrow-Source-Key","c771f0e4b54944bebf4261d44bd79a1e");
b.send(JSON.stringify(a));c.classList.add("feedback-hidden");d.classList.remove("feedback-hidden")};document.addEventListener("DOMContentLoaded",function(){var a=document.getElementById("error-feedback"),c=document.getElementById("feedback-button-yes"),d=document.getElementById("feedback-button-no");"classList"in a&&(a.classList.remove("feedback-hidden"),c.addEventListener("click",function(){e(!0)}),d.addEventListener("click",function(){e(!1)}))})}})();
</script>

<script defer src="https://performance.radar.cloudflare.com/beacon.js"></script>
</head>
<body>
  <div id="cf-wrapper">
    <div class="cf-alert cf-alert-error cf-cookie-error hidden" id="cookie-alert" data-translate="enable_cookies">Please enable cookies.</div>
    <div id="cf-error-details" class="p-0">
      <header class="mx-auto pt-10 lg:pt-6 lg:px-8 w-240 lg:w-full mb-15 antialiased">
         <h1 class="inline-block md:block mr-2 md:mb-2 font-light text-60 md:text-3xl text-black-dark leading-tight">
           <span data-translate="error">Error</span>
           <span>1015</span>
         </h1>
         <span class="inline-block md:block heading-ray-id font-mono text-15 lg:text-sm lg:leading-relaxed">Ray ID: 936ef703ccb3263f &bull;</span>
         <span class="inline-block md:block heading-ray-id font-mono text-15 lg:text-sm lg:leading-relaxed">2025-04-27 14:21:11 UTC</span>
        <h2 class="text-gray-600 leading-1.3 text-3xl lg:text-2xl font-light">You are being rate limited</h2>
      </header>

      <section class="w-240 lg:w-full mx-auto mb-8 lg:px-8">
          <div id="what-happened-section" class="w-1/2 md:w-full">
            <h2 class="text-3xl leading-tight font-normal mb-4 text-black-dark antialiased" data-translate="what_happened">What happened?</h2>
            <p>The owner of this website (solana-mainnet.g.alchemy.com) has banned you temporarily from accessing this website.</p>
            
          </div>

          
      </section>

      <div class="feedback-hidden py-8 text-center" id="error-feedback">
    <div id="error-feedback-survey" class="footer-line-wrapper">
        Was this page helpful?
        <button class="border border-solid bg-white cf-button cursor-pointer ml-4 px-4 py-2 rounded" id="feedback-button-yes" type="button">Yes</button>
        <button class="border border-solid bg-white cf-button cursor-pointer ml-4 px-4 py-2 rounded" id="feedback-button-no" type="button">No</button>
    </div>
    <div class="feedback-success feedback-hidden" id="error-feedback-success">
        Thank you for your feedback!
    </div>
</div>


      <div class="cf-error-footer cf-wrapper w-240 lg:w-full py-10 sm:py-4 sm:px-8 mx-auto text-center sm:text-left border-solid border-0 border-t border-gray-300">
  <p class="text-13">
    <span class="cf-footer-item sm:block sm:mb-1">Cloudflare Ray ID: <strong class="font-semibold">936ef703ccb3263f</strong></span>
    <span class="cf-footer-separator sm:hidden">&bull;</span>
    <span id="cf-footer-item-ip" class="cf-footer-item hidden sm:block sm:mb-1">
      Your IP:
      <button type="button" id="cf-footer-ip-reveal" class="cf-footer-ip-reveal-btn">Click to reveal</button>
      <span class="hidden" id="cf-footer-ip">2406:8c00:0:3438:133:18:43:169</span>
      <span class="cf-footer-separator sm:hidden">&bull;</span>
    </span>
    <span class="cf-footer-item sm:block sm:mb-1"><span>Performance &amp; security by</span> <a rel="noopener noreferrer" href="https://www.cloudflare.com/5xx-error-landing" id="brand_link" target="_blank">Cloudflare</a></span>
    
  </p>
  <script>(function(){function d(){var b=a.getElementById("cf-footer-item-ip"),c=a.getElementById("cf-footer-ip-reveal");b&&"classList"in b&&(b.classList.remove("hidden"),c.addEventListener("click",function(){c.classList.add("hidden");a.getElementById("cf-footer-ip").classList.remove("hidden")}))}var a=document;document.addEventListener&&a.addEventListener("DOMContentLoaded",d)})();</script>
</div><!-- /.error-footer -->


    </div><!-- /#cf-error-details -->
  </div><!-- /#cf-wrapper -->

  <script>
  window._cf_translation = {};
  
  
</script>

</body>
</html>

2025-04-27 22:21:11 [ERROR]: 错误堆栈:
2025-04-27 22:22:28 [ERROR]: 解析交易失败 (第 1 次尝试): Cannot read properties of undefined (reading 'find')
2025-04-27 22:22:28 [ERROR]: 错误堆栈:
2025-04-27 22:22:30 [ERROR]: 解析交易失败 (第 2 次尝试): Cannot read properties of undefined (reading 'find')
2025-04-27 22:22:30 [ERROR]: 错误堆栈:
2025-04-27 22:22:42 [ERROR]: 解析交易失败 (第 3 次尝试): fetch failed
2025-04-27 22:22:42 [ERROR]: 错误堆栈:
2025-04-27 22:25:30 [ERROR]: 解析交易失败 (第 1 次尝试): Cannot read properties of undefined (reading 'find')
2025-04-27 22:25:30 [ERROR]: 错误堆栈:
2025-04-27 22:25:32 [ERROR]: 解析交易失败 (第 2 次尝试): Cannot read properties of undefined (reading 'find')
2025-04-27 22:25:32 [ERROR]: 错误堆栈:
2025-04-27 22:25:44 [ERROR]: 解析交易失败 (第 3 次尝试): fetch failed
2025-04-27 22:25:44 [ERROR]: 错误堆栈:
2025-04-27 22:34:00 [ERROR]: 解析交易失败 (第 1 次尝试): accountKeys[0]?.toBase58 is not a function
2025-04-27 22:34:00 [ERROR]: 错误堆栈:
2025-04-27 22:34:02 [ERROR]: 解析交易失败 (第 2 次尝试): accountKeys[0]?.toBase58 is not a function
2025-04-27 22:34:02 [ERROR]: 错误堆栈:
2025-04-27 22:34:14 [ERROR]: 新节点 https://solana-api.projectserum.com 测试失败: fetch failed
2025-04-27 22:34:15 [ERROR]: 新节点 https://rpc.ankr.com/solana 测试失败: 403 Forbidden: {"error":"message: API key is not allowed to access blockchain, json-rpc code: -32052, rest code: 403"}
2025-04-27 22:34:16 [ERROR]: 新节点 https://solana-mainnet.rpc.extrnode.com 测试失败: 401 Unauthorized: {"message":"Usage without a token is no longer available. For future use, register and receive a free API token https://app.extrnode.com"}

2025-04-27 22:34:25 [ERROR]: 新节点 https://solana-mainnet.g.alchemy.com/v2/demo 测试失败: 429 Too Many Requests: <!DOCTYPE html>
<!--[if lt IE 7]> <html class="no-js ie6 oldie" lang="en-US"> <![endif]-->
<!--[if IE 7]>    <html class="no-js ie7 oldie" lang="en-US"> <![endif]-->
<!--[if IE 8]>    <html class="no-js ie8 oldie" lang="en-US"> <![endif]-->
<!--[if gt IE 8]><!--> <html class="no-js" lang="en-US"> <!--<![endif]-->
<head>
<title>Access denied | solana-mainnet.g.alchemy.com used Cloudflare to restrict access</title>
<meta charset="UTF-8" />
<meta http-equiv="Content-Type" content="text/html; charset=UTF-8" />
<meta http-equiv="X-UA-Compatible" content="IE=Edge" />
<meta name="robots" content="noindex, nofollow" />
<meta name="viewport" content="width=device-width,initial-scale=1" />
<link rel="stylesheet" id="cf_styles-css" href="/cdn-cgi/styles/main.css" />


<script>
(function(){if(document.addEventListener&&window.XMLHttpRequest&&JSON&&JSON.stringify){var e=function(a){var c=document.getElementById("error-feedback-survey"),d=document.getElementById("error-feedback-success"),b=new XMLHttpRequest;a={event:"feedback clicked",properties:{errorCode:1015,helpful:a,version:1}};b.open("POST","https://sparrow.cloudflare.com/api/v1/event");b.setRequestHeader("Content-Type","application/json");b.setRequestHeader("Sparrow-Source-Key","c771f0e4b54944bebf4261d44bd79a1e");
b.send(JSON.stringify(a));c.classList.add("feedback-hidden");d.classList.remove("feedback-hidden")};document.addEventListener("DOMContentLoaded",function(){var a=document.getElementById("error-feedback"),c=document.getElementById("feedback-button-yes"),d=document.getElementById("feedback-button-no");"classList"in a&&(a.classList.remove("feedback-hidden"),c.addEventListener("click",function(){e(!0)}),d.addEventListener("click",function(){e(!1)}))})}})();
</script>

<script defer src="https://performance.radar.cloudflare.com/beacon.js"></script>
</head>
<body>
  <div id="cf-wrapper">
    <div class="cf-alert cf-alert-error cf-cookie-error hidden" id="cookie-alert" data-translate="enable_cookies">Please enable cookies.</div>
    <div id="cf-error-details" class="p-0">
      <header class="mx-auto pt-10 lg:pt-6 lg:px-8 w-240 lg:w-full mb-15 antialiased">
         <h1 class="inline-block md:block mr-2 md:mb-2 font-light text-60 md:text-3xl text-black-dark leading-tight">
           <span data-translate="error">Error</span>
           <span>1015</span>
         </h1>
         <span class="inline-block md:block heading-ray-id font-mono text-15 lg:text-sm lg:leading-relaxed">Ray ID: 936f0a662d5bd77f &bull;</span>
         <span class="inline-block md:block heading-ray-id font-mono text-15 lg:text-sm lg:leading-relaxed">2025-04-27 14:34:25 UTC</span>
        <h2 class="text-gray-600 leading-1.3 text-3xl lg:text-2xl font-light">You are being rate limited</h2>
      </header>

      <section class="w-240 lg:w-full mx-auto mb-8 lg:px-8">
          <div id="what-happened-section" class="w-1/2 md:w-full">
            <h2 class="text-3xl leading-tight font-normal mb-4 text-black-dark antialiased" data-translate="what_happened">What happened?</h2>
            <p>The owner of this website (solana-mainnet.g.alchemy.com) has banned you temporarily from accessing this website.</p>
            
          </div>

          
      </section>

      <div class="feedback-hidden py-8 text-center" id="error-feedback">
    <div id="error-feedback-survey" class="footer-line-wrapper">
        Was this page helpful?
        <button class="border border-solid bg-white cf-button cursor-pointer ml-4 px-4 py-2 rounded" id="feedback-button-yes" type="button">Yes</button>
        <button class="border border-solid bg-white cf-button cursor-pointer ml-4 px-4 py-2 rounded" id="feedback-button-no" type="button">No</button>
    </div>
    <div class="feedback-success feedback-hidden" id="error-feedback-success">
        Thank you for your feedback!
    </div>
</div>


      <div class="cf-error-footer cf-wrapper w-240 lg:w-full py-10 sm:py-4 sm:px-8 mx-auto text-center sm:text-left border-solid border-0 border-t border-gray-300">
  <p class="text-13">
    <span class="cf-footer-item sm:block sm:mb-1">Cloudflare Ray ID: <strong class="font-semibold">936f0a662d5bd77f</strong></span>
    <span class="cf-footer-separator sm:hidden">&bull;</span>
    <span id="cf-footer-item-ip" class="cf-footer-item hidden sm:block sm:mb-1">
      Your IP:
      <button type="button" id="cf-footer-ip-reveal" class="cf-footer-ip-reveal-btn">Click to reveal</button>
      <span class="hidden" id="cf-footer-ip">2406:8c00:0:3438:133:18:43:169</span>
      <span class="cf-footer-separator sm:hidden">&bull;</span>
    </span>
    <span class="cf-footer-item sm:block sm:mb-1"><span>Performance &amp; security by</span> <a rel="noopener noreferrer" href="https://www.cloudflare.com/5xx-error-landing" id="brand_link" target="_blank">Cloudflare</a></span>
    
  </p>
  <script>(function(){function d(){var b=a.getElementById("cf-footer-item-ip"),c=a.getElementById("cf-footer-ip-reveal");b&&"classList"in b&&(b.classList.remove("hidden"),c.addEventListener("click",function(){c.classList.add("hidden");a.getElementById("cf-footer-ip").classList.remove("hidden")}))}var a=document;document.addEventListener&&a.addEventListener("DOMContentLoaded",d)})();</script>
</div><!-- /.error-footer -->


    </div><!-- /#cf-error-details -->
  </div><!-- /#cf-wrapper -->

  <script>
  window._cf_translation = {};
  
  
</script>

</body>
</html>

2025-04-27 22:34:25 [ERROR]: 解析交易失败 (第 3 次尝试): 所有 RPC 节点均不可用
2025-04-27 22:34:25 [ERROR]: 错误堆栈:
2025-04-27 22:38:49 [ERROR]: 解析交易失败 (第 1 次尝试): log is not defined
2025-04-27 22:38:49 [ERROR]: 错误堆栈:
2025-04-27 22:38:51 [ERROR]: 解析交易失败 (第 2 次尝试): log is not defined
2025-04-27 22:38:51 [ERROR]: 错误堆栈:
2025-04-27 22:39:03 [ERROR]: 新节点 https://solana-api.projectserum.com 测试失败: fetch failed
2025-04-27 22:39:24 [ERROR]: 新节点 https://solana-api.projectserum.com 测试失败: fetch failed
2025-04-27 22:39:44 [ERROR]: 新节点 https://solana-api.projectserum.com 测试失败: fetch failed
2025-04-27 22:40:05 [ERROR]: 新节点 https://solana-api.projectserum.com 测试失败: fetch failed
2025-04-27 22:40:26 [ERROR]: 新节点 https://solana-api.projectserum.com 测试失败: fetch failed
2025-04-27 22:40:26 [ERROR]: 解析交易失败 (第 3 次尝试): 所有 RPC 节点均不可用
2025-04-27 22:40:26 [ERROR]: 错误堆栈:
2025-04-27 23:34:23 [ERROR]: 连接测试失败:
2025-04-27 23:34:34 [ERROR]: 连接测试失败:
2025-04-27 23:34:49 [ERROR]: 连接检查失败: Assignment to constant variable.
2025-04-28 00:04:31 [ERROR]: 处理交易日志时出错: Cannot read properties of undefined (reading 'map')
2025-04-28 00:04:31 [ERROR]: 错误堆栈: TypeError: Cannot read properties of undefined (reading 'map')
    at file:///C:/Users/5520/Desktop/kol-monitor/index.js:450:77
    at process.processTicksAndRejections (node:internal/process/task_queues:105:5)
2025-04-28 00:06:15 [ERROR]: 解析交易失败: key.toBase58 is not a function
2025-04-28 00:10:34 [ERROR]: 解析交易失败: key.toBase58 is not a function
2025-04-28 00:13:34 [ERROR]: 解析交易失败: key.toBase58 is not a function
2025-04-28 00:15:44 [ERROR]: 解析交易失败: key.toBase58 is not a function
2025-04-28 00:21:09 [ERROR]: 解析交易失败: key.toBase58 is not a function
2025-04-28 00:21:10 [ERROR]: 发送通知时出错:
2025-04-28 00:21:10 [ERROR]: 错误堆栈:
2025-04-28 00:21:10 [ERROR]: 处理交易日志时出错: Cannot read properties of undefined (reading 'forEach')
2025-04-28 00:24:29 [ERROR]: 解析交易失败: key.toBase58 is not a function
2025-04-28 10:59:09 [ERROR]: 测量网络延迟失败 (第 1 次): 连接超时
2025-04-28 10:59:16 [ERROR]: 测量网络延迟失败 (第 2 次): 连接超时
2025-04-28 10:59:24 [ERROR]: 测量网络延迟失败 (第 3 次): 连接超时
2025-04-28 10:59:24 [ERROR]: 网络连接测试失败 (第 1 次): 连接超时
2025-04-28 10:59:31 [ERROR]: 测量网络延迟失败 (第 1 次): 连接超时
2025-04-28 10:59:38 [ERROR]: 测量网络延迟失败 (第 2 次): 连接超时
2025-04-28 10:59:45 [ERROR]: 测量网络延迟失败 (第 3 次): 连接超时
2025-04-28 10:59:45 [ERROR]: 网络连接测试失败 (第 2 次): 连接超时
2025-04-28 10:59:52 [ERROR]: 测量网络延迟失败 (第 1 次): 连接超时
2025-04-28 11:08:51 [ERROR]: 连接测试失败:
2025-04-28 11:16:38 [ERROR]: 监控地址 张三|AHd2SmZp66MFkNNqzCxCGgpBD6sTGMnu2N6Hd6zV6Sfx 时出错: Non-base58 character
2025-04-28 11:16:38 [ERROR]: 监控地址 李四|HLnE7VVz6nYED274eW7sFzLdt8fLDRf3hJHqX3xWjBiu 时出错: Non-base58 character
2025-04-28 11:16:38 [ERROR]: 监控地址 王五|GQMRL4crtPe4uwAwtZB9BcXL4GRPSY5Z4EpLid8bWbuW 时出错: Non-base58 character
2025-04-28 11:22:53 [ERROR]: 解析流动性池地址失败: failed to get info about account 2hGypwKXKRW9zkjZ5tt9eSV1m9KREcseqLfK9qvTyAPb: TypeError: fetch failed
2025-04-28 11:42:18 [ERROR]: Bot 状态检查失败: 400: Bad Request: chat not found
2025-04-28 18:07:00 [ERROR]: HTTPS请求错误: Client network socket disconnected before secure TLS connection was established
2025-04-28 18:07:00 [ERROR]: HTTPS连接失败 (第 1 次): Client network socket disconnected before secure TLS connection was established
2025-04-28 19:34:21 [ERROR] 获取代币市值信息失败: Request failed with status code 404
2025-04-28 19:35:37 [ERROR] 获取代币信息失败: Client network socket disconnected before secure TLS connection was established
2025-04-28 19:36:11 [ERROR] 获取代币信息失败: Request failed with status code 401
2025-04-28 19:36:11 [ERROR] API 响应状态: 401
2025-04-28 19:36:11 [ERROR] API 响应数据: {"success":false,"message":"Unauthorized"}
2025-04-28 19:37:43 [ERROR] 获取代币信息失败: 429 Too Many Requests:  {"jsonrpc":"2.0","error":{"code": 429, "message":"Too many requests for a specific RPC call"}, "id": "7fa96000-686f-415e-9d14-9b54d3242a92" } 

2025-04-28 19:38:49 [ERROR] 获取代币信息失败: 429 Too Many Requests:  {"jsonrpc":"2.0","error":{"code": 429, "message":"Too many requests for a specific RPC call"}, "id": "7b937dac-bf0d-4237-904e-e4235494f59f" } 

2025-04-28 19:45:20 [ERROR] 获取代币市值信息失败: Request failed with status code 404
2025-04-28 19:45:20 [ERROR] API 响应状态: 404
2025-04-28 19:45:20 [ERROR] API 响应数据: {"id":"8129565fe27f45c8a55281db75854711","success":false}
2025-04-28 19:45:45 [ERROR] 获取代币市值信息失败: Client network socket disconnected before secure TLS connection was established
2025-04-28 19:58:23 [ERROR] API 响应状态: 404
2025-04-28 19:58:23 [ERROR] API 响应数据: {"success":false,"message":"Not found"}
2025-04-28 20:00:38 [ERROR] API 响应状态: 401
2025-04-28 20:00:38 [ERROR] API 响应数据: {"success":false,"message":"Unauthorized"}
2025-04-28 20:20:28 [ERROR] API 响应状态: 401
2025-04-28 20:20:28 [ERROR] API 响应数据: {"success":false,"message":"Your API key is either suspended or lacks sufficient permissions to access this resource. Please check your account status or upgrade to a higher plan. For assistance, contact bds.support@birdeye.so."}
2025-04-30 17:07:45 [ERROR] 发送通知时出错:
2025-04-30 17:07:45 [ERROR] 处理交易日志时出错: connection is not defined
2025-04-30 17:15:30 [ERROR] 发送通知时出错:
2025-04-30 17:15:30 [ERROR] 处理交易日志时出错: connection is not defined
2025-04-30 17:19:53 [ERROR] 发送通知时出错:
2025-04-30 17:19:53 [ERROR] 处理交易日志时出错: connection is not defined
2025-04-30 17:24:25 [ERROR] 监控地址时出错: Non-base58 character
2025-04-30 17:26:40 [ERROR] 发送通知时出错:
2025-04-30 17:26:40 [ERROR] 处理交易日志时出错: connection is not defined
2025-04-30 17:28:55 [ERROR] 监控地址时出错: Endpoint URL must start with `http:` or `https:`.
2025-04-30 17:30:59 [ERROR] 监控地址时出错: Endpoint URL must start with `http:` or `https:`.
2025-04-30 17:37:01 [ERROR] 监控地址时出错: Endpoint URL must start with `http:` or `https:`.
2025-04-30 17:38:13 [ERROR] 监控地址时出错: Endpoint URL must start with `http:` or `https:`.
2025-04-30 17:41:03 [ERROR] 监控地址时出错: Endpoint URL must start with `http:` or `https:`.
2025-04-30 17:51:39 [ERROR] 发送通知时出错:
2025-04-30 17:51:39 [ERROR] 处理交易日志时出错: connection is not defined
2025-04-30 18:11:14 [ERROR] 解析代币元数据失败:
2025-04-30 18:13:17 [ERROR] 解析代币元数据失败:
2025-04-30 18:13:25 [ERROR] 测试端点 https://api.telegram.org 时出错: fetch failed
2025-04-30 18:13:30 [ERROR] 测试端点 https://api1.telegram.org 时出错: Unexpected token '<', "<!DOCTYPE "... is not valid JSON
2025-04-30 18:13:35 [ERROR] 测试端点 https://api2.telegram.org 时出错: Unexpected token '<', "<!DOCTYPE "... is not valid JSON
2025-04-30 18:13:38 [ERROR] 测试端点 https://api3.telegram.org 时出错: Unexpected token '<', "<!DOCTYPE "... is not valid JSON
2025-04-30 18:13:42 [ERROR] 测试端点 https://api4.telegram.org 时出错: Unexpected token '<', "<!DOCTYPE "... is not valid JSON
2025-04-30 18:13:49 [ERROR] 测试端点 https://api5.telegram.org 时出错: Unexpected token '<', "<!DOCTYPE "... is not valid JSON
2025-04-30 18:13:54 [ERROR] 测试端点 https://api6.telegram.org 时出错: Unexpected token '<', "<!DOCTYPE "... is not valid JSON
2025-04-30 18:13:59 [ERROR] 测试端点 https://api7.telegram.org 时出错: Unexpected token '<', "<!DOCTYPE "... is not valid JSON
2025-04-30 18:14:05 [ERROR] 测试端点 https://api8.telegram.org 时出错: Unexpected token '<', "<!DOCTYPE "... is not valid JSON
2025-04-30 18:14:05 [ERROR] ❌ Telegram 通知发送失败到 1584537074 (第 1 次): 所有 API 端点均不可用
2025-04-30 18:14:16 [ERROR] HTTPS连接失败 (第 1 次): HTTPS请求超时
2025-04-30 18:14:16 [ERROR] HTTPS请求错误: Client network socket disconnected before secure TLS connection was established
2025-04-30 18:14:16 [ERROR] HTTPS连接失败 (第 1 次): Client network socket disconnected before secure TLS connection was established
2025-04-30 18:14:30 [ERROR] HTTPS请求错误: Client network socket disconnected before secure TLS connection was established
2025-04-30 18:14:30 [ERROR] HTTPS连接失败 (第 1 次): Client network socket disconnected before secure TLS connection was established
2025-04-30 18:14:30 [ERROR] HTTPS连接失败 (第 1 次): HTTPS请求超时
2025-04-30 18:27:28 [ERROR] 获取代币市值失败: 获取代币元数据失败: 401
2025-04-30 18:29:35 [ERROR] 获取代币市值失败: 获取代币元数据失败: 401
2025-04-30 18:40:09 [ERROR] 获取代币元数据失败 (第 1 次尝试): lastRequestTime is not defined
2025-04-30 18:40:14 [ERROR] 获取代币元数据失败 (第 2 次尝试): lastRequestTime is not defined
2025-04-30 18:40:19 [ERROR] 获取代币元数据失败 (第 3 次尝试): lastRequestTime is not defined
2025-04-30 18:40:19 [ERROR] 获取代币市值失败: lastRequestTime is not defined
2025-04-30 18:40:29 [ERROR] HTTPS请求错误: Client network socket disconnected before secure TLS connection was established
2025-04-30 18:40:29 [ERROR] HTTPS连接失败 (第 1 次): Client network socket disconnected before secure TLS connection was established
2025-04-30 18:44:39 [ERROR] 获取代币元数据失败 (第 1 次尝试): lastRequestTime is not defined
2025-04-30 18:44:44 [ERROR] 获取代币元数据失败 (第 2 次尝试): lastRequestTime is not defined
2025-04-30 18:44:49 [ERROR] 获取代币元数据失败 (第 3 次尝试): lastRequestTime is not defined
2025-04-30 18:44:49 [ERROR] 获取代币市值失败: lastRequestTime is not defined
2025-04-30 18:46:45 [ERROR] 获取代币元数据失败 (第 1 次尝试): lastRequestTime is not defined
2025-04-30 18:46:50 [ERROR] 获取代币元数据失败 (第 2 次尝试): lastRequestTime is not defined
2025-04-30 18:50:20 [ERROR] API 错误响应: {"success":false,"message":"Your API key is either suspended or lacks sufficient permissions to access this resource. Please check your account status or upgrade to a higher plan. For assistance, contact bds.support@birdeye.so."}
2025-04-30 18:50:20 [ERROR] 获取代币元数据失败 (第 1 次尝试): API 请求失败: 401 Unauthorized
2025-04-30 18:50:26 [ERROR] API 错误响应: {"success":false,"message":"Your API key is either suspended or lacks sufficient permissions to access this resource. Please check your account status or upgrade to a higher plan. For assistance, contact bds.support@birdeye.so."}
2025-04-30 18:50:26 [ERROR] 获取代币元数据失败 (第 2 次尝试): API 请求失败: 401 Unauthorized
2025-04-30 18:50:32 [ERROR] API 错误响应: {"success":false,"message":"Your API key is either suspended or lacks sufficient permissions to access this resource. Please check your account status or upgrade to a higher plan. For assistance, contact bds.support@birdeye.so."}
2025-04-30 18:50:32 [ERROR] 获取代币元数据失败 (第 3 次尝试): API 请求失败: 401 Unauthorized
2025-04-30 18:50:32 [ERROR] 获取代币市值失败: API 请求失败: 401 Unauthorized
2025-04-30 18:57:52 [ERROR] API 错误响应: {"success":false,"message":"Your API key is either suspended or lacks sufficient permissions to access this resource. Please check your account status or upgrade to a higher plan. For assistance, contact bds.support@birdeye.so."}
2025-04-30 18:57:52 [ERROR] 获取代币元数据失败 (第 1 次尝试): API 请求失败: 401 Unauthorized
2025-04-30 18:57:57 [ERROR] API 错误响应: {"success":false,"message":"Your API key is either suspended or lacks sufficient permissions to access this resource. Please check your account status or upgrade to a higher plan. For assistance, contact bds.support@birdeye.so."}
2025-04-30 18:57:57 [ERROR] 获取代币元数据失败 (第 2 次尝试): API 请求失败: 401 Unauthorized
2025-04-30 18:58:03 [ERROR] API 错误响应: {"success":false,"message":"Your API key is either suspended or lacks sufficient permissions to access this resource. Please check your account status or upgrade to a higher plan. For assistance, contact bds.support@birdeye.so."}
2025-04-30 18:58:03 [ERROR] 获取代币元数据失败 (第 3 次尝试): API 请求失败: 401 Unauthorized
2025-04-30 18:58:03 [ERROR] 获取代币市值失败: API 请求失败: 401 Unauthorized
2025-04-30 19:12:19 [ERROR] API 错误响应: {"success":false,"message":"Your API key is either suspended or lacks sufficient permissions to access this resource. Please check your account status or upgrade to a higher plan. For assistance, contact bds.support@birdeye.so."}
2025-04-30 19:12:19 [ERROR] 获取代币元数据失败 (第 1 次尝试): API 请求失败: 401 Unauthorized
2025-04-30 19:12:25 [ERROR] API 错误响应: {"success":false,"message":"Your API key is either suspended or lacks sufficient permissions to access this resource. Please check your account status or upgrade to a higher plan. For assistance, contact bds.support@birdeye.so."}
2025-04-30 19:12:25 [ERROR] 获取代币元数据失败 (第 2 次尝试): API 请求失败: 401 Unauthorized
2025-04-30 19:12:30 [ERROR] API 错误响应: {"success":false,"message":"Your API key is either suspended or lacks sufficient permissions to access this resource. Please check your account status or upgrade to a higher plan. For assistance, contact bds.support@birdeye.so."}
2025-04-30 19:12:30 [ERROR] 获取代币元数据失败 (第 3 次尝试): API 请求失败: 401 Unauthorized
2025-04-30 19:12:30 [ERROR] 获取代币市值失败: API 请求失败: 401 Unauthorized
2025-04-30 19:30:51 [ERROR] API 错误响应: {"success":false,"message":"Your API key is either suspended or lacks sufficient permissions to access this resource. Please check your account status or upgrade to a higher plan. For assistance, contact bds.support@birdeye.so."}
2025-04-30 19:30:51 [ERROR] 获取代币元数据失败 (第 1 次尝试): API 请求失败: 401 Unauthorized
2025-04-30 19:30:57 [ERROR] API 错误响应: {"success":false,"message":"Your API key is either suspended or lacks sufficient permissions to access this resource. Please check your account status or upgrade to a higher plan. For assistance, contact bds.support@birdeye.so."}
2025-04-30 19:30:57 [ERROR] 获取代币元数据失败 (第 2 次尝试): API 请求失败: 401 Unauthorized
2025-04-30 19:31:03 [ERROR] API 错误响应: {"success":false,"message":"Your API key is either suspended or lacks sufficient permissions to access this resource. Please check your account status or upgrade to a higher plan. For assistance, contact bds.support@birdeye.so."}
2025-04-30 19:31:03 [ERROR] 获取代币元数据失败 (第 3 次尝试): API 请求失败: 401 Unauthorized
2025-04-30 19:31:03 [ERROR] 获取代币市值失败: API 请求失败: 401 Unauthorized
2025-04-30 20:15:24 [ERROR] Solscan API 错误响应: 
2025-04-30 20:15:24 [ERROR] 获取代币信息失败: Solscan API 请求失败: 404 Not Found
2025-04-30 20:22:20 [ERROR] Solscan API 错误响应: 
2025-04-30 20:22:20 [ERROR] 获取代币信息失败: Solscan API 请求失败: 404 Not Found
2025-04-30 20:24:08 [ERROR] Birdeye API 错误响应: {"success":false,"message":"Your API key is either suspended or lacks sufficient permissions to access this resource. Please check your account status or upgrade to a higher plan. For assistance, contact bds.support@birdeye.so."}
2025-04-30 20:24:08 [ERROR] 获取代币信息失败: Birdeye API 请求失败: 401 Unauthorized
2025-04-30 20:32:16 [ERROR] 获取代币信息失败: Cannot read properties of undefined (reading 'toLocaleString')
2025-05-01 10:55:30 [ERROR] 测量网络延迟失败 (第 1 次): 连接超时
2025-05-01 10:55:37 [ERROR] 测量网络延迟失败 (第 2 次): 连接超时
2025-05-01 10:55:44 [ERROR] 测量网络延迟失败 (第 3 次): 连接超时
2025-05-01 10:55:44 [ERROR] 网络连接测试失败 (第 1 次): 连接超时
2025-05-01 10:55:51 [ERROR] 测量网络延迟失败 (第 1 次): 连接超时
2025-05-01 11:30:57 [ERROR] 发送通知失败: Bot not initialized
2025-05-01 11:33:45 [ERROR] 发送通知失败: Bot not initialized
2025-05-01 11:33:47 [ERROR] 发送通知失败: Bot not initialized
2025-05-01 11:33:50 [ERROR] 发送通知失败: Bot not initialized
2025-05-01 11:33:51 [ERROR] 发送通知失败: Bot not initialized
2025-05-01 11:33:53 [ERROR] 发送通知失败: Bot not initialized
2025-05-01 11:33:54 [ERROR] 发送通知失败: Bot not initialized
2025-05-01 11:33:56 [ERROR] 发送通知失败: Bot not initialized
2025-05-01 11:33:57 [ERROR] 发送通知失败: Bot not initialized
2025-05-01 11:34:06 [ERROR] 发送通知失败: Bot not initialized
2025-05-01 11:41:19 [ERROR] 发送通知失败: Bot not initialized
2025-05-01 11:41:21 [ERROR] 发送通知失败: Bot not initialized
2025-05-01 11:41:23 [ERROR] 发送通知失败: Bot not initialized
2025-05-01 11:41:28 [ERROR] 解析交易失败: fetch failed
2025-05-01 11:47:55 [ERROR] 连接测试失败:
2025-05-01 11:47:58 [ERROR] 连接检查失败: Assignment to constant variable.
2025-05-01 11:50:40 [ERROR] Bot 状态检查失败: request to https://api.telegram.org/bot7928666221:[REDACTED]/getMe failed, reason: Client network socket disconnected before secure TLS connection was established
2025-05-01 11:55:44 [ERROR] 发送通知失败: Bot not initialized
2025-05-01 11:55:45 [ERROR] 获取代币市值信息失败: request to https://api.dexscreener.com/latest/dex/tokens/So11111111111111111111111111111111111111112 failed, reason: Client network socket disconnected before secure TLS connection was established
2025-05-01 11:55:46 [ERROR] 发送通知失败: Bot not initialized
2025-05-01 11:57:43 [ERROR] 发送通知失败: Bot not initialized
2025-05-01 12:10:10 [ERROR] 端点 https://api.telegram.org 请求失败: fetch failed
2025-05-01 12:10:13 [ERROR] 端点 https://api1.telegram.org 请求失败: Unexpected token '<', "<!DOCTYPE "... is not valid JSON
2025-05-01 12:10:15 [ERROR] 端点 https://api2.telegram.org 请求失败: Unexpected token '<', "<!DOCTYPE "... is not valid JSON
2025-05-01 12:10:15 [ERROR] Token状态检查失败 (第 1 次): 所有API端点均不可用
2025-05-01 12:10:30 [ERROR] HTTPS连接失败 (第 1 次): HTTPS请求超时
2025-05-01 12:10:35 [ERROR] HTTPS连接失败 (第 1 次): HTTPS请求超时
2025-05-01 12:10:35 [ERROR] HTTPS请求错误: socket hang up
2025-05-01 12:10:47 [ERROR] HTTPS连接失败 (第 2 次): HTTPS请求超时
2025-05-01 12:10:47 [ERROR] HTTPS请求错误: socket hang up
2025-05-01 12:13:13 [ERROR] HTTPS连接失败 (第 1 次): HTTPS请求超时
2025-05-01 12:13:23 [ERROR] HTTPS连接失败 (第 1 次): HTTPS请求超时
2025-05-01 12:13:23 [ERROR] HTTPS请求错误: socket hang up
2025-05-01 12:19:25 [ERROR] HTTPS连接失败 (第 1 次): HTTPS请求超时
2025-05-01 12:19:40 [ERROR] HTTPS连接失败 (第 1 次): HTTPS请求超时
2025-05-01 12:19:40 [ERROR] HTTPS请求错误: socket hang up
2025-05-01 12:20:22 [ERROR] getMe测试失败: request to https://api.telegram.org/bot7928666221:[REDACTED]/getMe failed, reason: Client network socket disconnected before secure TLS connection was established
2025-05-01 12:24:37 [ERROR] HTTPS请求错误: Client network socket disconnected before secure TLS connection was established
2025-05-01 12:24:37 [ERROR] HTTPS连接失败 (第 1 次): Client network socket disconnected before secure TLS connection was established
2025-05-01 12:25:01 [ERROR] HTTPS请求错误: Client network socket disconnected before secure TLS connection was established
2025-05-01 12:25:01 [ERROR] HTTPS连接失败 (第 2 次): Client network socket disconnected before secure TLS connection was established
2025-05-01 12:25:25 [ERROR] HTTPS请求错误: Client network socket disconnected before secure TLS connection was established
2025-05-01 12:25:25 [ERROR] HTTPS连接失败 (第 3 次): Client network socket disconnected before secure TLS connection was established
2025-05-01 12:25:50 [ERROR] HTTPS请求错误: Client network socket disconnected before secure TLS connection was established
2025-05-01 12:25:50 [ERROR] HTTPS连接失败 (第 4 次): Client network socket disconnected before secure TLS connection was established
2025-05-01 12:25:58 [ERROR] HTTPS请求错误: Client network socket disconnected before secure TLS connection was established
2025-05-01 12:25:58 [ERROR] HTTPS连接失败 (第 5 次): Client network socket disconnected before secure TLS connection was established
2025-05-01 12:25:58 [ERROR] 网络连接测试失败 (第 1 次): Client network socket disconnected before secure TLS connection was established
2025-05-01 12:26:42 [ERROR] HTTPS请求错误: Client network socket disconnected before secure TLS connection was established
2025-05-01 12:26:42 [ERROR] HTTPS连接失败 (第 1 次): Client network socket disconnected before secure TLS connection was established
2025-05-01 12:27:06 [ERROR] HTTPS请求错误: Client network socket disconnected before secure TLS connection was established
2025-05-01 12:27:06 [ERROR] HTTPS连接失败 (第 2 次): Client network socket disconnected before secure TLS connection was established
2025-05-01 12:27:29 [ERROR] HTTPS请求错误: Client network socket disconnected before secure TLS connection was established
2025-05-01 12:27:29 [ERROR] HTTPS连接失败 (第 3 次): Client network socket disconnected before secure TLS connection was established
2025-05-01 12:27:53 [ERROR] HTTPS请求错误: Client network socket disconnected before secure TLS connection was established
2025-05-01 12:27:53 [ERROR] HTTPS连接失败 (第 4 次): Client network socket disconnected before secure TLS connection was established
2025-05-01 12:28:16 [ERROR] HTTPS请求错误: Client network socket disconnected before secure TLS connection was established
2025-05-01 12:28:16 [ERROR] HTTPS连接失败 (第 5 次): Client network socket disconnected before secure TLS connection was established
2025-05-01 12:28:16 [ERROR] 网络连接测试失败 (第 1 次): Client network socket disconnected before secure TLS connection was established
2025-05-01 12:28:38 [ERROR] HTTPS请求错误: Client network socket disconnected before secure TLS connection was established
2025-05-01 12:28:38 [ERROR] HTTPS连接失败 (第 1 次): Client network socket disconnected before secure TLS connection was established
2025-05-01 12:29:01 [ERROR] HTTPS请求错误: Client network socket disconnected before secure TLS connection was established
2025-05-01 12:29:01 [ERROR] HTTPS连接失败 (第 2 次): Client network socket disconnected before secure TLS connection was established
2025-05-01 12:29:25 [ERROR] HTTPS请求错误: Client network socket disconnected before secure TLS connection was established
2025-05-01 12:29:25 [ERROR] HTTPS连接失败 (第 3 次): Client network socket disconnected before secure TLS connection was established
2025-05-01 12:29:49 [ERROR] HTTPS请求错误: Client network socket disconnected before secure TLS connection was established
2025-05-01 12:29:49 [ERROR] HTTPS连接失败 (第 4 次): Client network socket disconnected before secure TLS connection was established
2025-05-01 12:30:12 [ERROR] HTTPS请求错误: Client network socket disconnected before secure TLS connection was established
2025-05-01 12:30:12 [ERROR] HTTPS连接失败 (第 5 次): Client network socket disconnected before secure TLS connection was established
2025-05-01 12:30:12 [ERROR] 网络连接测试失败 (第 2 次): Client network socket disconnected before secure TLS connection was established
2025-05-01 12:30:36 [ERROR] HTTPS请求错误: Client network socket disconnected before secure TLS connection was established
2025-05-01 12:30:36 [ERROR] HTTPS连接失败 (第 1 次): Client network socket disconnected before secure TLS connection was established
2025-05-01 12:30:59 [ERROR] HTTPS请求错误: Client network socket disconnected before secure TLS connection was established
2025-05-01 12:30:59 [ERROR] HTTPS连接失败 (第 2 次): Client network socket disconnected before secure TLS connection was established
2025-05-01 12:31:22 [ERROR] HTTPS请求错误: Client network socket disconnected before secure TLS connection was established
2025-05-01 12:31:22 [ERROR] HTTPS连接失败 (第 3 次): Client network socket disconnected before secure TLS connection was established
2025-05-01 12:48:03 [ERROR] HTTPS请求错误: Client network socket disconnected before secure TLS connection was established
2025-05-01 12:48:03 [ERROR] HTTPS连接失败 (第 4 次): Client network socket disconnected before secure TLS connection was established
2025-05-01 12:48:49 [ERROR] HTTPS请求错误: Client network socket disconnected before secure TLS connection was established
2025-05-01 12:48:49 [ERROR] HTTPS连接失败 (第 1 次): Client network socket disconnected before secure TLS connection was established
2025-05-01 12:49:13 [ERROR] HTTPS请求错误: Client network socket disconnected before secure TLS connection was established
2025-05-01 12:49:13 [ERROR] HTTPS连接失败 (第 2 次): Client network socket disconnected before secure TLS connection was established
2025-05-01 12:49:36 [ERROR] HTTPS请求错误: Client network socket disconnected before secure TLS connection was established
2025-05-01 12:49:36 [ERROR] HTTPS连接失败 (第 3 次): Client network socket disconnected before secure TLS connection was established
2025-05-01 12:50:00 [ERROR] HTTPS请求错误: Client network socket disconnected before secure TLS connection was established
2025-05-01 12:50:00 [ERROR] HTTPS连接失败 (第 4 次): Client network socket disconnected before secure TLS connection was established
2025-05-01 12:50:23 [ERROR] HTTPS请求错误: Client network socket disconnected before secure TLS connection was established
2025-05-01 12:50:23 [ERROR] HTTPS连接失败 (第 5 次): Client network socket disconnected before secure TLS connection was established
2025-05-01 12:50:23 [ERROR] 网络连接测试失败 (第 1 次): Client network socket disconnected before secure TLS connection was established
2025-05-01 12:50:45 [ERROR] HTTPS请求错误: Client network socket disconnected before secure TLS connection was established
2025-05-01 12:50:45 [ERROR] HTTPS连接失败 (第 1 次): Client network socket disconnected before secure TLS connection was established
2025-05-01 18:11:40 [ERROR] HTTPS请求错误: Client network socket disconnected before secure TLS connection was established
2025-05-01 18:11:40 [ERROR] HTTPS连接失败 (第 1 次): Client network socket disconnected before secure TLS connection was established
2025-05-01 18:12:03 [ERROR] HTTPS请求错误: Client network socket disconnected before secure TLS connection was established
2025-05-01 18:12:03 [ERROR] HTTPS连接失败 (第 2 次): Client network socket disconnected before secure TLS connection was established
2025-05-01 18:12:26 [ERROR] HTTPS请求错误: Client network socket disconnected before secure TLS connection was established
2025-05-01 18:12:26 [ERROR] HTTPS连接失败 (第 3 次): Client network socket disconnected before secure TLS connection was established
2025-05-01 18:12:34 [ERROR] HTTPS请求错误: Client network socket disconnected before secure TLS connection was established
2025-05-01 18:12:34 [ERROR] HTTPS连接失败 (第 4 次): Client network socket disconnected before secure TLS connection was established
2025-05-01 18:12:57 [ERROR] HTTPS请求错误: Client network socket disconnected before secure TLS connection was established
2025-05-01 18:12:57 [ERROR] HTTPS连接失败 (第 5 次): Client network socket disconnected before secure TLS connection was established
2025-05-01 18:12:57 [ERROR] 网络连接测试失败 (第 1 次): Client network socket disconnected before secure TLS connection was established
2025-05-01 18:13:19 [ERROR] HTTPS请求错误: Client network socket disconnected before secure TLS connection was established
2025-05-01 18:13:19 [ERROR] HTTPS连接失败 (第 1 次): Client network socket disconnected before secure TLS connection was established
2025-05-01 18:13:43 [ERROR] HTTPS请求错误: Client network socket disconnected before secure TLS connection was established
2025-05-01 18:13:43 [ERROR] HTTPS连接失败 (第 2 次): Client network socket disconnected before secure TLS connection was established
2025-05-01 18:14:06 [ERROR] HTTPS请求错误: Client network socket disconnected before secure TLS connection was established
2025-05-01 18:14:06 [ERROR] HTTPS连接失败 (第 3 次): Client network socket disconnected before secure TLS connection was established
2025-05-01 21:06:27 [ERROR] 程序启动失败: logger is not defined
2025-05-01 21:35:07 [ERROR] getMe 测试失败: Cannot read properties of null (reading 'telegram')
2025-05-01 21:39:44 [ERROR] 连接测试失败:
2025-05-01 21:39:49 [ERROR] 连接测试失败:
2025-05-01 21:40:09 [ERROR] 连接测试失败:
2025-05-01 21:40:29 [ERROR] 新节点 https://api.mainnet-beta.solana.com 测试失败: fetch failed
2025-05-01 21:40:44 [ERROR] 连接检查失败: Assignment to constant variable.
2025-05-01 21:44:30 [ERROR] 发送通知失败: Bot未初始化
2025-05-01 21:45:06 [ERROR] 解析交易失败: Cannot read properties of null (reading 'toString')
2025-05-01 21:46:42 [ERROR] 发送通知失败: Bot未初始化
2025-05-01 21:47:57 [ERROR] 发送Telegram消息失败: Cannot read properties of undefined (reading 'telegram')
2025-05-01 21:47:57 [ERROR] 发送通知失败: Cannot read properties of undefined (reading 'telegram')
2025-05-01 22:04:08 [ERROR] 获取代币市值信息失败: 未找到代币交易对信息
2025-05-01 22:04:08 [ERROR] 发送Telegram消息失败: Cannot read properties of undefined (reading 'telegram')
2025-05-01 22:04:08 [ERROR] 发送通知失败: Cannot read properties of undefined (reading 'telegram')
2025-05-01 22:05:19 [ERROR] 发送Telegram消息失败: Cannot read properties of undefined (reading 'telegram')
2025-05-01 22:05:19 [ERROR] 发送通知失败: Cannot read properties of undefined (reading 'telegram')
2025-05-01 22:14:42 [ERROR] 发送Telegram消息失败: Cannot read properties of undefined (reading 'telegram')
2025-05-01 22:14:42 [ERROR] 发送通知失败: Cannot read properties of undefined (reading 'telegram')
2025-05-01 22:15:02 [ERROR] 发送Telegram消息失败: Cannot read properties of undefined (reading 'telegram')
2025-05-01 22:15:02 [ERROR] 发送通知失败: Cannot read properties of undefined (reading 'telegram')
2025-05-01 22:17:06 [ERROR] 获取代币市值信息失败: 未找到代币交易对信息
2025-05-01 22:17:06 [ERROR] 发送Telegram消息失败: Cannot read properties of undefined (reading 'telegram')
2025-05-01 22:17:06 [ERROR] 发送通知失败: Cannot read properties of undefined (reading 'telegram')
2025-05-01 22:17:09 [ERROR] 发送Telegram消息失败: Cannot read properties of undefined (reading 'telegram')
2025-05-01 22:17:09 [ERROR] 发送通知失败: Cannot read properties of undefined (reading 'telegram')
2025-05-01 22:17:10 [ERROR] 发送Telegram消息失败: Cannot read properties of undefined (reading 'telegram')
2025-05-01 22:17:10 [ERROR] 发送通知失败: Cannot read properties of undefined (reading 'telegram')
2025-05-01 22:19:45 [ERROR] 获取代币市值信息失败: 未找到代币交易对信息
2025-05-01 22:19:45 [ERROR] 发送Telegram消息失败: Cannot read properties of undefined (reading 'telegram')
2025-05-01 22:19:45 [ERROR] 发送通知失败: Cannot read properties of undefined (reading 'telegram')
2025-05-01 22:21:36 [ERROR] 获取代币市值信息失败: 未找到代币交易对信息
2025-05-01 22:21:36 [ERROR] 发送Telegram消息失败: Cannot read properties of undefined (reading 'telegram')
2025-05-01 22:21:36 [ERROR] 发送通知失败: Cannot read properties of undefined (reading 'telegram')
2025-05-01 22:21:39 [ERROR] 发送Telegram消息失败: Cannot read properties of undefined (reading 'telegram')
2025-05-01 22:21:39 [ERROR] 发送通知失败: Cannot read properties of undefined (reading 'telegram')
2025-05-01 22:21:42 [ERROR] 发送Telegram消息失败: Cannot read properties of undefined (reading 'telegram')
2025-05-01 22:21:42 [ERROR] 发送通知失败: Cannot read properties of undefined (reading 'telegram')
2025-05-01 22:21:56 [ERROR] 发送Telegram消息失败: Cannot read properties of undefined (reading 'telegram')
2025-05-01 22:21:56 [ERROR] 发送通知失败: Cannot read properties of undefined (reading 'telegram')
2025-05-01 22:22:11 [ERROR] 发送Telegram消息失败: Cannot read properties of undefined (reading 'telegram')
2025-05-01 22:22:11 [ERROR] 发送通知失败: Cannot read properties of undefined (reading 'telegram')
2025-05-01 22:22:54 [ERROR] 发送Telegram消息失败: Cannot read properties of undefined (reading 'telegram')
2025-05-01 22:22:54 [ERROR] 发送通知失败: Cannot read properties of undefined (reading 'telegram')
2025-05-01 22:23:24 [ERROR] 发送Telegram消息失败: Cannot read properties of undefined (reading 'telegram')
2025-05-01 22:23:24 [ERROR] 发送通知失败: Cannot read properties of undefined (reading 'telegram')
2025-05-01 22:23:41 [ERROR] 发送Telegram消息失败: Cannot read properties of undefined (reading 'telegram')
2025-05-01 22:23:41 [ERROR] 发送通知失败: Cannot read properties of undefined (reading 'telegram')
2025-05-01 22:23:48 [ERROR] 发送Telegram消息失败: Cannot read properties of undefined (reading 'telegram')
2025-05-01 22:23:48 [ERROR] 发送通知失败: Cannot read properties of undefined (reading 'telegram')
2025-05-01 22:24:14 [ERROR] 发送Telegram消息失败: Cannot read properties of undefined (reading 'telegram')
2025-05-01 22:24:14 [ERROR] 发送通知失败: Cannot read properties of undefined (reading 'telegram')
2025-05-01 22:24:25 [ERROR] 发送Telegram消息失败: Cannot read properties of undefined (reading 'telegram')
2025-05-01 22:24:25 [ERROR] 发送通知失败: Cannot read properties of undefined (reading 'telegram')
2025-05-01 22:24:37 [ERROR] 获取代币市值信息失败: 未找到代币交易对信息
2025-05-01 22:24:37 [ERROR] 发送Telegram消息失败: Cannot read properties of undefined (reading 'telegram')
2025-05-01 22:24:37 [ERROR] 发送通知失败: Cannot read properties of undefined (reading 'telegram')
2025-05-01 22:25:05 [ERROR] 发送Telegram消息失败: Cannot read properties of undefined (reading 'telegram')
2025-05-01 22:25:05 [ERROR] 发送通知失败: Cannot read properties of undefined (reading 'telegram')
2025-05-01 22:33:55 [ERROR] 发送Telegram消息失败: Cannot read properties of undefined (reading 'telegram')
2025-05-01 22:33:55 [ERROR] 发送通知失败: Cannot read properties of undefined (reading 'telegram')
2025-05-01 22:38:39 [ERROR] 获取代币市值信息失败: 未找到代币交易对信息
2025-05-01 22:38:39 [ERROR] 发送Telegram消息失败: Cannot read properties of undefined (reading 'telegram')
2025-05-01 22:38:39 [ERROR] 发送通知失败: Cannot read properties of undefined (reading 'telegram')
2025-05-01 22:39:46 [ERROR] 发送Telegram消息失败: Cannot read properties of undefined (reading 'telegram')
2025-05-01 22:39:46 [ERROR] 发送通知失败: Cannot read properties of undefined (reading 'telegram')
2025-05-01 22:39:48 [ERROR] 发送Telegram消息失败: Cannot read properties of undefined (reading 'telegram')
2025-05-01 22:39:48 [ERROR] 发送通知失败: Cannot read properties of undefined (reading 'telegram')
2025-05-01 22:40:06 [ERROR] 发送Telegram消息失败: Cannot read properties of undefined (reading 'telegram')
2025-05-01 22:40:06 [ERROR] 发送通知失败: Cannot read properties of undefined (reading 'telegram')
2025-05-01 22:52:36 [ERROR] 解析交易失败: Cannot read properties of null (reading 'toString')
2025-05-02 00:03:57 [ERROR] 获取代币市值信息失败: 未找到代币交易对信息
2025-05-02 00:33:39 [ERROR] 获取代币市值信息失败: 未找到代币交易对信息
2025-05-02 00:33:41 [ERROR] 邮件发送失败 (发件人: czhu65694@gmail.com): Data command failed: 550-5.4.5 Daily user sending limit exceeded. For more information on Gmail
550-5.4.5 sending limits go to
550 5.4.5  https://support.google.com/a/answer/166852 d9443c01a7336-22e0bb0f374sm8866815ad.101 - gsmtp
2025-05-02 00:33:45 [ERROR] 发送交易通知失败 (1584537074): 400: Bad Request: can't parse entities: Tag "span" must have class "tg-spoiler" at byte offset 100
2025-05-02 00:33:45 [ERROR] 发送交易通知失败 (-4627711652): 400: Bad Request: can't parse entities: Tag "span" must have class "tg-spoiler" at byte offset 100
2025-05-02 00:33:59 [ERROR] 获取代币市值信息失败: 未找到代币交易对信息
2025-05-02 00:34:01 [ERROR] 邮件发送失败 (发件人: czhu65694@gmail.com): Data command failed: 550-5.4.5 Daily user sending limit exceeded. For more information on Gmail
550-5.4.5 sending limits go to
550 5.4.5  https://support.google.com/a/answer/166852 98e67ed59e1d1-30a4748e7fcsm1099033a91.21 - gsmtp
2025-05-02 00:34:06 [ERROR] 发送交易通知失败 (1584537074): 400: Bad Request: can't parse entities: Tag "span" must have class "tg-spoiler" at byte offset 103
2025-05-02 00:34:06 [ERROR] 发送交易通知失败 (-4627711652): 400: Bad Request: can't parse entities: Tag "span" must have class "tg-spoiler" at byte offset 103
2025-05-02 00:34:48 [ERROR] 邮件发送失败 (发件人: czhu65694@gmail.com): Data command failed: 550-5.4.5 Daily user sending limit exceeded. For more information on Gmail
550-5.4.5 sending limits go to
550 5.4.5  https://support.google.com/a/answer/166852 41be03b00d2f7-b1f9d4799e0sm950166a12.14 - gsmtp
2025-05-02 00:34:53 [ERROR] 发送交易通知失败 (1584537074): 400: Bad Request: can't parse entities: Tag "span" must have class "tg-spoiler" at byte offset 103
2025-05-02 00:34:53 [ERROR] 发送交易通知失败 (-4627711652): 400: Bad Request: can't parse entities: Tag "span" must have class "tg-spoiler" at byte offset 103
2025-05-02 00:39:13 [ERROR] 邮件发送失败 (发件人: czhu65694@gmail.com): Data command failed: 550-5.4.5 Daily user sending limit exceeded. For more information on Gmail
550-5.4.5 sending limits go to
550 5.4.5  https://support.google.com/a/answer/166852 d9443c01a7336-22e0bc86d8esm8772835ad.231 - gsmtp
2025-05-02 00:49:47 [ERROR] 邮件发送失败 (发件人: czhu65694@gmail.com): Data command failed: 550-5.4.5 Daily user sending limit exceeded. For more information on Gmail
550-5.4.5 sending limits go to
550 5.4.5  https://support.google.com/a/answer/166852 98e67ed59e1d1-30a4745f945sm1124786a91.4 - gsmtp
2025-05-02 00:49:55 [ERROR] 邮件发送失败 (发件人: czhu65694@gmail.com): Data command failed: 550-5.4.5 Daily user sending limit exceeded. For more information on Gmail
550-5.4.5 sending limits go to
550 5.4.5  https://support.google.com/a/answer/166852 d9443c01a7336-22e0bb0496bsm9062485ad.18 - gsmtp
2025-05-02 00:50:59 [ERROR] 邮件发送失败 (发件人: czhu65694@gmail.com): Data command failed: 550-5.4.5 Daily user sending limit exceeded. For more information on Gmail
550-5.4.5 sending limits go to
550 5.4.5  https://support.google.com/a/answer/166852 98e67ed59e1d1-30a474921c3sm1120160a91.29 - gsmtp
2025-05-02 00:52:50 [ERROR] 邮件发送失败 (发件人: czhu65694@gmail.com): Data command failed: 550-5.4.5 Daily user sending limit exceeded. For more information on Gmail
550-5.4.5 sending limits go to
550 5.4.5  https://support.google.com/a/answer/166852 d9443c01a7336-22e0bb0752asm9101835ad.43 - gsmtp
2025-05-02 00:52:57 [ERROR] 邮件发送失败 (发件人: czhu65694@gmail.com): Data command failed: 550-5.4.5 Daily user sending limit exceeded. For more information on Gmail
550-5.4.5 sending limits go to
550 5.4.5  https://support.google.com/a/answer/166852 d9443c01a7336-22e0bb051c7sm9105865ad.42 - gsmtp
2025-05-02 01:09:37 [ERROR] 邮件发送失败 (发件人: czhu65694@gmail.com): Data command failed: 550-5.4.5 Daily user sending limit exceeded. For more information on Gmail
550-5.4.5 sending limits go to
550 5.4.5  https://support.google.com/a/answer/166852 d2e1a72fcca58-7404ef0d8f5sm1058915b3a.38 - gsmtp
2025-05-02 01:11:13 [ERROR] 邮件发送失败 (发件人: czhu65694@gmail.com): Data command failed: 550-5.4.5 Daily user sending limit exceeded. For more information on Gmail
550-5.4.5 sending limits go to
550 5.4.5  https://support.google.com/a/answer/166852 d9443c01a7336-22e0bc86bc5sm9147865ad.219 - gsmtp
2025-05-02 01:11:33 [ERROR] 邮件发送失败 (发件人: czhu65694@gmail.com): Data command failed: 550-5.4.5 Daily user sending limit exceeded. For more information on Gmail
550-5.4.5 sending limits go to
550 5.4.5  https://support.google.com/a/answer/166852 98e67ed59e1d1-30a4745f92csm1143084a91.6 - gsmtp
2025-05-02 01:18:01 [ERROR] 邮件发送失败 (发件人: czhu65694@gmail.com): Data command failed: 550-5.4.5 Daily user sending limit exceeded. For more information on Gmail
550-5.4.5 sending limits go to
550 5.4.5  https://support.google.com/a/answer/166852 d2e1a72fcca58-7404eeb138fsm1068598b3a.32 - gsmtp
2025-05-02 01:25:55 [ERROR] 邮件发送失败 (发件人: czhu65694@gmail.com): Data command failed: 550-5.4.5 Daily user sending limit exceeded. For more information on Gmail
550-5.4.5 sending limits go to
550 5.4.5  https://support.google.com/a/answer/166852 d9443c01a7336-22e0bc7b097sm9304395ad.179 - gsmtp
2025-05-02 01:31:16 [ERROR] 邮件发送失败 (发件人: czhu65694@gmail.com): Data command failed: 550-5.4.5 Daily user sending limit exceeded. For more information on Gmail
550-5.4.5 sending limits go to
550 5.4.5  https://support.google.com/a/answer/166852 d9443c01a7336-22e0bc7b1acsm9348335ad.182 - gsmtp
2025-05-02 09:37:57 [ERROR] 测试失败: fetch failed
2025-05-02 09:39:25 [ERROR] 测试失败: tx.transaction.message.isAccountSigner is not a function
2025-05-02 10:33:48 [ERROR] 邮件发送失败 (发件人: czhu65694@gmail.com): Data command failed: 550-5.4.5 Daily user sending limit exceeded. For more information on Gmail
550-5.4.5 sending limits go to
550 5.4.5  https://support.google.com/a/answer/166852 d9443c01a7336-22e10870d64sm3622025ad.106 - gsmtp
2025-05-02 10:34:16 [ERROR] 邮件发送失败 (发件人: czhu65694@gmail.com): Data command failed: 550-5.4.5 Daily user sending limit exceeded. For more information on Gmail
550-5.4.5 sending limits go to
550 5.4.5  https://support.google.com/a/answer/166852 98e67ed59e1d1-30a4747719dsm1712704a91.19 - gsmtp
2025-05-02 10:34:18 [ERROR] 获取代币市值信息失败: request to https://api.dexscreener.com/latest/dex/tokens/So11111111111111111111111111111111111111112 failed, reason: Client network socket disconnected before secure TLS connection was established
2025-05-02 10:34:22 [ERROR] 邮件发送失败 (发件人: czhu65694@gmail.com): Data command failed: 550-5.4.5 Daily user sending limit exceeded. For more information on Gmail
550-5.4.5 sending limits go to
550 5.4.5  https://support.google.com/a/answer/166852 d2e1a72fcca58-74058dee10bsm418565b3a.76 - gsmtp
2025-05-02 11:12:14 [ERROR] 邮件发送失败 (发件人: czhu65694@gmail.com): Data command failed: 550-5.4.5 Daily user sending limit exceeded. For more information on Gmail
550-5.4.5 sending limits go to
550 5.4.5  https://support.google.com/a/answer/166852 98e67ed59e1d1-30a3480f0aasm4984215a91.35 - gsmtp
2025-05-02 11:20:03 [ERROR] 邮件发送失败 (发件人: czhu65694@gmail.com): Data command failed: 550-5.4.5 Daily user sending limit exceeded. For more information on Gmail
550-5.4.5 sending limits go to
550 5.4.5  https://support.google.com/a/answer/166852 41be03b00d2f7-b1fa82428ebsm413409a12.14 - gsmtp
2025-05-02 11:34:22 [ERROR] 邮件发送失败 (发件人: czhu65694@gmail.com): Data command failed: 550-5.4.5 Daily user sending limit exceeded. For more information on Gmail
550-5.4.5 sending limits go to
550 5.4.5  https://support.google.com/a/answer/166852 d9443c01a7336-22e1085bddcsm4204835ad.63 - gsmtp
2025-05-02 11:50:08 [ERROR] 连接测试失败:
2025-05-02 11:50:09 [ERROR] 连接检查失败: Assignment to constant variable.
2025-05-02 11:50:22 [ERROR] 解析交易失败: fetch failed
2025-05-02 11:53:17 [ERROR] 连接测试失败:
2025-05-02 11:53:18 [ERROR] 连接检查失败: Assignment to constant variable.
2025-05-02 12:03:28 [ERROR] 连接测试失败:
2025-05-02 12:03:28 [ERROR] 连接检查失败: Assignment to constant variable.
2025-05-02 12:14:39 [ERROR] 解析交易失败: fetch failed
2025-05-02 12:14:39 [ERROR] 连接测试失败:
2025-05-02 12:14:40 [ERROR] 连接检查失败: Assignment to constant variable.
2025-05-02 12:19:48 [ERROR] 连接测试失败:
2025-05-02 12:19:48 [ERROR] 连接检查失败: Assignment to constant variable.
2025-05-02 12:22:55 [ERROR] 连接测试失败:
2025-05-02 12:23:00 [ERROR] 连接测试失败:
2025-05-02 12:23:16 [ERROR] 连接检查失败: Assignment to constant variable.
2025-05-02 12:33:25 [ERROR] 连接测试失败:
2025-05-02 12:33:25 [ERROR] 连接检查失败: Assignment to constant variable.
2025-05-02 12:47:48 [ERROR] 邮件发送失败 (发件人: czhu65694@gmail.com): Data command failed: 550-5.4.5 Daily user sending limit exceeded. For more information on Gmail
550-5.4.5 sending limits go to
550 5.4.5  https://support.google.com/a/answer/166852 d2e1a72fcca58-74059064baesm591261b3a.144 - gsmtp
2025-05-02 12:54:48 [ERROR] 邮件发送失败 (发件人: czhu65694@gmail.com): Data command failed: 550-5.4.5 Daily user sending limit exceeded. For more information on Gmail
550-5.4.5 sending limits go to
550 5.4.5  https://support.google.com/a/answer/166852 d9443c01a7336-22e10940618sm5181755ad.241 - gsmtp
2025-05-02 12:54:55 [ERROR] 邮件发送失败 (发件人: czhu65694@gmail.com): Data command failed: 550-5.4.5 Daily user sending limit exceeded. For more information on Gmail
550-5.4.5 sending limits go to
550 5.4.5  https://support.google.com/a/answer/166852 d9443c01a7336-22e1085da6dsm5244405ad.81 - gsmtp
2025-05-02 12:55:13 [ERROR] 邮件发送失败 (发件人: czhu65694@gmail.com): Data command failed: 550-5.4.5 Daily user sending limit exceeded. For more information on Gmail
550-5.4.5 sending limits go to
550 5.4.5  https://support.google.com/a/answer/166852 d2e1a72fcca58-74058d7c166sm602417b3a.22 - gsmtp
2025-05-02 13:00:46 [ERROR] 连接测试失败:
2025-05-02 13:00:47 [ERROR] 连接检查失败: Assignment to constant variable.
2025-05-02 13:06:17 [ERROR] 邮件发送失败 (发件人: czhu65694@gmail.com): Data command failed: 550-5.4.5 Daily user sending limit exceeded. For more information on Gmail
550-5.4.5 sending limits go to
550 5.4.5  https://support.google.com/a/answer/166852 98e67ed59e1d1-30a3480f0fcsm4650388a91.32 - gsmtp
2025-05-02 13:07:28 [ERROR] 邮件发送失败 (发件人: czhu65694@gmail.com): Data command failed: 550-5.4.5 Daily user sending limit exceeded. For more information on Gmail
550-5.4.5 sending limits go to
550 5.4.5  https://support.google.com/a/answer/166852 98e67ed59e1d1-30a3474894fsm4652573a91.18 - gsmtp
2025-05-02 13:17:46 [ERROR] 邮件发送失败 (发件人: czhu65694@gmail.com): Data command failed: 550-5.4.5 Daily user sending limit exceeded. For more information on Gmail
550-5.4.5 sending limits go to
550 5.4.5  https://support.google.com/a/answer/166852 41be03b00d2f7-b1fa85e4cabsm558579a12.47 - gsmtp
2025-05-02 13:18:30 [ERROR] 获取代币市值信息失败: request to https://api.dexscreener.com/latest/dex/tokens/So11111111111111111111111111111111111111112 failed, reason: Client network socket disconnected before secure TLS connection was established
2025-05-02 13:18:34 [ERROR] 邮件发送失败 (发件人: czhu65694@gmail.com): Data command failed: 550-5.4.5 Daily user sending limit exceeded. For more information on Gmail
550-5.4.5 sending limits go to
550 5.4.5  https://support.google.com/a/answer/166852 98e67ed59e1d1-30a3476f51asm4681246a91.22 - gsmtp
2025-05-02 13:19:11 [ERROR] 邮件发送失败 (发件人: czhu65694@gmail.com): Data command failed: 550-5.4.5 Daily user sending limit exceeded. For more information on Gmail
550-5.4.5 sending limits go to
550 5.4.5  https://support.google.com/a/answer/166852 98e67ed59e1d1-30a3480ea0dsm4636340a91.37 - gsmtp
2025-05-02 13:21:19 [ERROR] 邮件发送失败 (发件人: czhu65694@gmail.com): Data command failed: 550-5.4.5 Daily user sending limit exceeded. For more information on Gmail
550-5.4.5 sending limits go to
550 5.4.5  https://support.google.com/a/answer/166852 d2e1a72fcca58-74058df2a6csm645523b3a.81 - gsmtp
2025-05-02 13:27:03 [ERROR] 连接测试失败:
2025-05-02 13:27:03 [ERROR] 连接检查失败: Assignment to constant variable.
2025-05-02 13:33:35 [ERROR] 邮件发送失败 (发件人: czhu65694@gmail.com): Data command failed: 550-5.4.5 Daily user sending limit exceeded. For more information on Gmail
550-5.4.5 sending limits go to
550 5.4.5  https://support.google.com/a/answer/166852 d2e1a72fcca58-740590a5a99sm656346b3a.180 - gsmtp
2025-05-02 13:33:40 [ERROR] 邮件发送失败 (发件人: czhu65694@gmail.com): Data command failed: 550-5.4.5 Daily user sending limit exceeded. For more information on Gmail
550-5.4.5 sending limits go to
550 5.4.5  https://support.google.com/a/answer/166852 d9443c01a7336-22e10845946sm5900625ad.3 - gsmtp
2025-05-02 13:41:14 [ERROR] 连接测试失败:
2025-05-02 13:41:14 [ERROR] 连接检查失败: Assignment to constant variable.
2025-05-02 13:44:10 [ERROR] 邮件发送失败 (发件人: czhu65694@gmail.com): Data command failed: 550-5.4.5 Daily user sending limit exceeded. For more information on Gmail
550-5.4.5 sending limits go to
550 5.4.5  https://support.google.com/a/answer/166852 d2e1a72fcca58-7405902109dsm700080b3a.106 - gsmtp
2025-05-02 13:48:34 [ERROR] 邮件发送失败 (发件人: czhu65694@gmail.com): Data command failed: 550-5.4.5 Daily user sending limit exceeded. For more information on Gmail
550-5.4.5 sending limits go to
550 5.4.5  https://support.google.com/a/answer/166852 d9443c01a7336-22e10915a9esm5980565ad.209 - gsmtp
2025-05-02 13:51:23 [ERROR] 连接测试失败:
2025-05-02 13:51:24 [ERROR] 连接检查失败: Assignment to constant variable.
2025-05-02 14:45:58 [ERROR] 连接测试失败:
2025-05-02 14:45:58 [ERROR] 连接检查失败: Assignment to constant variable.
2025-05-02 14:50:05 [ERROR] 连接测试失败:
2025-05-02 14:50:05 [ERROR] 连接检查失败: Assignment to constant variable.
2025-05-02 14:51:10 [ERROR] 连接测试失败:
2025-05-02 14:51:11 [ERROR] 连接检查失败: Assignment to constant variable.
2025-05-02 14:52:16 [ERROR] 连接测试失败:
2025-05-02 14:52:16 [ERROR] 连接检查失败: Assignment to constant variable.
2025-05-02 14:55:22 [ERROR] 连接测试失败:
2025-05-02 14:55:27 [ERROR] 连接测试失败:
2025-05-02 14:55:43 [ERROR] 连接检查失败: Assignment to constant variable.
2025-05-02 15:01:53 [ERROR] 连接测试失败:
2025-05-02 15:01:53 [ERROR] 连接检查失败: Assignment to constant variable.
2025-05-08 11:30:26 [ERROR] TCP连接失败 (第 1 次): 连接超时
2025-05-08 11:30:33 [ERROR] TCP连接失败 (第 2 次): 连接超时
2025-05-08 12:47:18 [ERROR] 发送通知失败: config is not defined
2025-05-08 12:49:00 [ERROR] 连接测试失败:
2025-05-08 12:49:00 [ERROR] 连接检查失败: Assignment to constant variable.
2025-05-08 12:57:15 [ERROR] 解析交易失败: fetch failed
2025-05-08 12:58:59 [ERROR] 解析交易失败: fetch failed
2025-05-08 13:07:26 [ERROR] 解析交易失败: fetch failed
2025-05-08 13:25:21 [ERROR] 解析交易失败: fetch failed
2025-05-08 13:35:49 [ERROR] 连接测试失败:
2025-05-08 13:35:50 [ERROR] 连接检查失败: Assignment to constant variable.
2025-05-08 13:39:11 [ERROR] 解析交易失败: fetch failed
2025-05-08 14:23:19 [ERROR] 连接测试失败:
2025-05-08 14:23:20 [ERROR] 连接检查失败: Assignment to constant variable.
2025-05-08 14:45:41 [ERROR] 连接测试失败:
2025-05-08 14:45:42 [ERROR] 连接检查失败: Assignment to constant variable.
2025-05-08 15:00:01 [ERROR] 解析交易失败: fetch failed
2025-05-08 15:00:51 [ERROR] 连接测试失败:
2025-05-08 15:00:54 [ERROR] 连接测试失败:
2025-05-08 15:01:09 [ERROR] 连接检查失败: Assignment to constant variable.
2025-05-08 15:16:39 [ERROR] 连接测试失败:
2025-05-08 15:16:40 [ERROR] 连接检查失败: Assignment to constant variable.
2025-05-08 15:40:33 [ERROR] 获取代币市值信息失败: request to https://api.dexscreener.com/latest/dex/tokens/So11111111111111111111111111111111111111112 failed, reason: Client network socket disconnected before secure TLS connection was established
2025-05-08 15:42:52 [ERROR] 解析交易失败: fetch failed
2025-05-08 16:04:25 [ERROR] 解析交易失败: fetch failed
2025-05-08 16:15:36 [ERROR] 连接测试失败:
2025-05-08 16:15:41 [ERROR] 连接检查失败: Assignment to constant variable.
2025-05-08 16:16:26 [ERROR] 解析交易失败: fetch failed
2025-05-08 16:17:27 [ERROR] 解析交易失败: fetch failed
2025-05-08 16:17:58 [ERROR] 连接测试失败:
2025-05-08 16:18:04 [ERROR] 连接测试失败:
2025-05-08 16:18:30 [ERROR] 连接测试失败:
2025-05-08 16:18:52 [ERROR] 连接检查失败: Assignment to constant variable.
2025-05-08 16:19:00 [ERROR] 解析交易失败: fetch failed
2025-05-08 16:21:04 [ERROR] 解析交易失败: fetch failed
2025-05-08 16:21:14 [ERROR] 连接测试失败:
2025-05-08 16:21:15 [ERROR] 连接检查失败: Assignment to constant variable.
2025-05-08 16:23:20 [ERROR] 解析交易失败: fetch failed
2025-05-08 16:23:27 [ERROR] 连接测试失败:
2025-05-08 16:23:38 [ERROR] 连接测试失败:
2025-05-08 16:24:03 [ERROR] 连接测试失败:
2025-05-08 16:24:11 [ERROR] 解析交易失败: fetch failed
2025-05-08 16:24:29 [ERROR] 新节点 https://solana-api.projectserum.com 测试失败: fetch failed
2025-05-08 16:24:55 [ERROR] 新节点 https://solana-api.projectserum.com 测试失败: fetch failed
2025-05-08 16:25:20 [ERROR] 新节点 https://solana-api.projectserum.com 测试失败: fetch failed
2025-05-08 16:25:37 [ERROR] 解析交易失败: fetch failed
2025-05-08 16:25:46 [ERROR] 新节点 https://solana-api.projectserum.com 测试失败: fetch failed
2025-05-08 16:26:12 [ERROR] 新节点 https://solana-api.projectserum.com 测试失败: fetch failed
2025-05-08 16:26:22 [ERROR] 连接测试失败:
2025-05-08 16:26:48 [ERROR] 连接测试失败:
2025-05-08 16:27:13 [ERROR] 新节点 https://api.mainnet-beta.solana.com 测试失败: fetch failed
2025-05-08 16:27:14 [ERROR] 解析交易失败: fetch failed
2025-05-08 16:27:37 [ERROR] 连接检查失败: Assignment to constant variable.
